0 info it worked if it ends with ok
1 verbose cli [ '/usr/local/bin/node',
1 verbose cli   '/usr/local/bin/npm',
1 verbose cli   'install',
1 verbose cli   'bcrypt' ]
2 info using npm@3.10.10
3 info using node@v6.11.2
4 silly loadCurrentTree Starting
5 silly install loadCurrentTree
6 silly install readLocalPackageData
7 silly fetchPackageMetaData bcrypt
8 silly fetchNamedPackageData bcrypt
9 silly mapToRegistry name bcrypt
10 silly mapToRegistry using default registry
11 silly mapToRegistry registry https://registry.npmjs.org/
12 silly mapToRegistry data Result {
12 silly mapToRegistry   raw: 'bcrypt',
12 silly mapToRegistry   scope: null,
12 silly mapToRegistry   escapedName: 'bcrypt',
12 silly mapToRegistry   name: 'bcrypt',
12 silly mapToRegistry   rawSpec: '',
12 silly mapToRegistry   spec: 'latest',
12 silly mapToRegistry   type: 'tag' }
13 silly mapToRegistry uri https://registry.npmjs.org/bcrypt
14 verbose request uri https://registry.npmjs.org/bcrypt
15 verbose request no auth needed
16 info attempt registry request try #1 at 2:15:50 PM
17 verbose request id 2dd486824c0ed7f0
18 verbose etag W/"598120c4-17073"
19 verbose lastModified Wed, 02 Aug 2017 00:45:56 GMT
20 http request GET https://registry.npmjs.org/bcrypt
21 http 304 https://registry.npmjs.org/bcrypt
22 verbose headers { date: 'Tue, 08 Aug 2017 05:15:50 GMT',
22 verbose headers   via: '1.1 varnish',
22 verbose headers   'cache-control': 'max-age=300',
22 verbose headers   etag: 'W/"598120c4-17073"',
22 verbose headers   age: '134',
22 verbose headers   connection: 'keep-alive',
22 verbose headers   'x-served-by': 'cache-nrt6124-NRT',
22 verbose headers   'x-cache': 'HIT',
22 verbose headers   'x-cache-hits': '1',
22 verbose headers   'x-timer': 'S1502169351.724654,VS0,VE0',
22 verbose headers   vary: 'Accept-Encoding, Accept' }
23 silly get cb [ 304,
23 silly get   { date: 'Tue, 08 Aug 2017 05:15:50 GMT',
23 silly get     via: '1.1 varnish',
23 silly get     'cache-control': 'max-age=300',
23 silly get     etag: 'W/"598120c4-17073"',
23 silly get     age: '134',
23 silly get     connection: 'keep-alive',
23 silly get     'x-served-by': 'cache-nrt6124-NRT',
23 silly get     'x-cache': 'HIT',
23 silly get     'x-cache-hits': '1',
23 silly get     'x-timer': 'S1502169351.724654,VS0,VE0',
23 silly get     vary: 'Accept-Encoding, Accept' } ]
24 verbose etag https://registry.npmjs.org/bcrypt from cache
25 verbose get saving bcrypt to /Users/kimsiyoung/.npm/registry.npmjs.org/bcrypt/.cache.json
26 verbose correctMkdir /Users/kimsiyoung/.npm correctMkdir not in flight; initializing
27 silly install normalizeTree
28 silly loadCurrentTree Finishing
29 silly loadIdealTree Starting
30 silly install loadIdealTree
31 silly cloneCurrentTree Starting
32 silly install cloneCurrentTreeToIdealTree
33 silly cloneCurrentTree Finishing
34 silly loadShrinkwrap Starting
35 silly install loadShrinkwrap
36 silly loadShrinkwrap Finishing
37 silly loadAllDepsIntoIdealTree Starting
38 silly install loadAllDepsIntoIdealTree
39 silly resolveWithNewModule bcrypt@1.0.2 checking installable status
40 silly cache add args [ 'bcrypt', null ]
41 verbose cache add spec bcrypt
42 silly cache add parsed spec Result {
42 silly cache add   raw: 'bcrypt',
42 silly cache add   scope: null,
42 silly cache add   escapedName: 'bcrypt',
42 silly cache add   name: 'bcrypt',
42 silly cache add   rawSpec: '',
42 silly cache add   spec: 'latest',
42 silly cache add   type: 'tag' }
43 silly addNamed bcrypt@latest
44 verbose addNamed "latest" is being treated as a dist-tag for bcrypt
45 info addNameTag [ 'bcrypt', 'latest' ]
46 silly mapToRegistry name bcrypt
47 silly mapToRegistry using default registry
48 silly mapToRegistry registry https://registry.npmjs.org/
49 silly mapToRegistry data Result {
49 silly mapToRegistry   raw: 'bcrypt',
49 silly mapToRegistry   scope: null,
49 silly mapToRegistry   escapedName: 'bcrypt',
49 silly mapToRegistry   name: 'bcrypt',
49 silly mapToRegistry   rawSpec: '',
49 silly mapToRegistry   spec: 'latest',
49 silly mapToRegistry   type: 'tag' }
50 silly mapToRegistry uri https://registry.npmjs.org/bcrypt
51 verbose addNameTag registry:https://registry.npmjs.org/bcrypt not in flight; fetching
52 verbose get https://registry.npmjs.org/bcrypt not expired, no request
53 silly addNameTag next cb for bcrypt with tag latest
54 silly addNamed bcrypt@1.0.2
55 verbose addNamed "1.0.2" is a plain semver version for bcrypt
56 silly cache afterAdd bcrypt@1.0.2
57 verbose afterAdd /Users/kimsiyoung/.npm/bcrypt/1.0.2/package/package.json not in flight; writing
58 verbose correctMkdir /Users/kimsiyoung/.npm correctMkdir not in flight; initializing
59 verbose afterAdd /Users/kimsiyoung/.npm/bcrypt/1.0.2/package/package.json written
60 silly loadAllDepsIntoIdealTree Finishing
61 silly loadIdealTree Finishing
62 silly currentTree sampleservernodejs2@0.0.0
62 silly currentTree ├── abbrev@1.1.0
62 silly currentTree ├── accepts@1.3.3
62 silly currentTree ├── acorn-globals@1.0.9
62 silly currentTree ├── acorn@2.7.0
62 silly currentTree ├── ajv@4.11.8
62 silly currentTree ├── align-text@0.1.4
62 silly currentTree ├── amdefine@1.0.1
62 silly currentTree ├── ansi-regex@2.1.1
62 silly currentTree ├── ansi-styles@2.2.1
62 silly currentTree ├── ansi@0.3.1
62 silly currentTree ├── aproba@1.1.2
62 silly currentTree ├── are-we-there-yet@1.1.4
62 silly currentTree ├── array-flatten@1.1.1
62 silly currentTree ├── asap@1.0.0
62 silly currentTree ├── asn1@0.2.3
62 silly currentTree ├── assert-plus@0.2.0
62 silly currentTree ├── async@2.1.4
62 silly currentTree ├── asynckit@0.4.0
62 silly currentTree ├── aws-sign2@0.6.0
62 silly currentTree ├── aws4@1.6.0
62 silly currentTree ├── balanced-match@1.0.0
62 silly currentTree ├── base64url@2.0.0
62 silly currentTree ├── basic-auth@1.1.0
62 silly currentTree ├── bcrypt-pbkdf@1.0.1
62 silly currentTree ├── binary@0.3.0
62 silly currentTree ├── bindings@1.2.1
62 silly currentTree ├── block-stream@0.0.9
62 silly currentTree ├── bluebird@2.10.2
62 silly currentTree ├─┬ body-parser@1.17.2
62 silly currentTree │ └── debug@2.6.7
62 silly currentTree ├── boom@2.10.1
62 silly currentTree ├── brace-expansion@1.1.8
62 silly currentTree ├── bson@1.0.4
62 silly currentTree ├── buffer-equal-constant-time@1.0.1
62 silly currentTree ├── buffer-shims@1.0.0
62 silly currentTree ├── buffers@0.1.1
62 silly currentTree ├── bytes@2.4.0
62 silly currentTree ├── camelcase@1.2.1
62 silly currentTree ├── caseless@0.12.0
62 silly currentTree ├── center-align@0.1.3
62 silly currentTree ├── chainsaw@0.1.0
62 silly currentTree ├── chalk@1.1.3
62 silly currentTree ├── character-parser@1.2.1
62 silly currentTree ├─┬ clean-css@3.4.28
62 silly currentTree │ └── commander@2.8.1
62 silly currentTree ├─┬ cliui@2.1.0
62 silly currentTree │ └── wordwrap@0.0.2
62 silly currentTree ├── co@4.6.0
62 silly currentTree ├── code-point-at@1.1.0
62 silly currentTree ├── combined-stream@1.0.5
62 silly currentTree ├── commander@2.6.0
62 silly currentTree ├── concat-map@0.0.1
62 silly currentTree ├── console-control-strings@1.1.0
62 silly currentTree ├── constantinople@3.0.2
62 silly currentTree ├── content-disposition@0.5.2
62 silly currentTree ├── content-type@1.0.2
62 silly currentTree ├── cookie-parser@1.4.3
62 silly currentTree ├── cookie-signature@1.0.6
62 silly currentTree ├── cookie@0.3.1
62 silly currentTree ├── core-util-is@1.0.2
62 silly currentTree ├── cryptiles@2.0.5
62 silly currentTree ├── css-parse@1.0.4
62 silly currentTree ├── css-stringify@1.0.5
62 silly currentTree ├── css@1.0.8
62 silly currentTree ├─┬ dashdash@1.14.1
62 silly currentTree │ └── assert-plus@1.0.0
62 silly currentTree ├── debug@2.6.8
62 silly currentTree ├── decamelize@1.2.0
62 silly currentTree ├── deep-assign@2.0.0
62 silly currentTree ├── deep-extend@0.4.2
62 silly currentTree ├── delayed-stream@1.0.0
62 silly currentTree ├── delegates@1.0.0
62 silly currentTree ├── depd@1.1.1
62 silly currentTree ├── destroy@1.0.4
62 silly currentTree ├── ecc-jsbn@0.1.1
62 silly currentTree ├── ecdsa-sig-formatter@1.0.9
62 silly currentTree ├── ee-first@1.1.1
62 silly currentTree ├── ejs@2.4.2
62 silly currentTree ├── encodeurl@1.0.1
62 silly currentTree ├── es6-promise@3.2.1
62 silly currentTree ├── escape-html@1.0.3
62 silly currentTree ├── escape-string-regexp@1.0.5
62 silly currentTree ├── etag@1.8.0
62 silly currentTree ├─┬ express@4.15.4
62 silly currentTree │ └── qs@6.5.0
62 silly currentTree ├── extend@3.0.1
62 silly currentTree ├── extsprintf@1.3.0
62 silly currentTree ├── finalhandler@1.0.4
62 silly currentTree ├── forever-agent@0.6.1
62 silly currentTree ├── form-data@2.1.4
62 silly currentTree ├── forwarded@0.1.0
62 silly currentTree ├── fresh@0.5.0
62 silly currentTree ├── fs.realpath@1.0.0
62 silly currentTree ├── fstream-ignore@1.0.5
62 silly currentTree ├── fstream@1.0.11
62 silly currentTree ├── gauge@2.7.4
62 silly currentTree ├─┬ getpass@0.1.7
62 silly currentTree │ └── assert-plus@1.0.0
62 silly currentTree ├── glob@7.1.2
62 silly currentTree ├── graceful-fs@4.1.11
62 silly currentTree ├── graceful-readlink@1.0.1
62 silly currentTree ├── har-schema@1.0.5
62 silly currentTree ├── har-validator@4.2.1
62 silly currentTree ├── has-ansi@2.0.0
62 silly currentTree ├── has-color@0.1.7
62 silly currentTree ├── has-unicode@2.0.1
62 silly currentTree ├── hawk@3.1.3
62 silly currentTree ├── hoek@2.16.3
62 silly currentTree ├── hooks-fixed@2.0.0
62 silly currentTree ├── http-errors@1.6.2
62 silly currentTree ├── http-signature@1.1.1
62 silly currentTree ├── iconv-lite@0.4.15
62 silly currentTree ├── inflight@1.0.6
62 silly currentTree ├── inherits@2.0.3
62 silly currentTree ├── ini@1.3.4
62 silly currentTree ├── ipaddr.js@1.4.0
62 silly currentTree ├── is-buffer@1.1.5
62 silly currentTree ├── is-fullwidth-code-point@1.0.0
62 silly currentTree ├── is-obj@1.0.1
62 silly currentTree ├── is-promise@2.1.0
62 silly currentTree ├── is-typedarray@1.0.0
62 silly currentTree ├── isarray@1.0.0
62 silly currentTree ├── isemail@1.2.0
62 silly currentTree ├── isexe@2.0.0
62 silly currentTree ├── isstream@0.1.2
62 silly currentTree ├── jade@1.11.0
62 silly currentTree ├── joi@6.10.1
62 silly currentTree ├── jsbn@0.1.1
62 silly currentTree ├── json-schema@0.2.3
62 silly currentTree ├── json-stable-stringify@1.0.1
62 silly currentTree ├── json-stringify-safe@5.0.1
62 silly currentTree ├── jsonify@0.0.0
62 silly currentTree ├── jsonlint@1.6.2
62 silly currentTree ├── jsonwebtoken@7.4.2
62 silly currentTree ├─┬ jsprim@1.4.1
62 silly currentTree │ └── assert-plus@1.0.0
62 silly currentTree ├── jstransformer@0.0.2
62 silly currentTree ├── JSV@4.0.2
62 silly currentTree ├── jwa@1.1.5
62 silly currentTree ├── jws@3.1.4
62 silly currentTree ├── kareem@1.5.0
62 silly currentTree ├── kind-of@3.2.2
62 silly currentTree ├── lazy-cache@1.0.4
62 silly currentTree ├── lodash._reinterpolate@3.0.0
62 silly currentTree ├── lodash.once@4.1.1
62 silly currentTree ├── lodash.pad@4.5.1
62 silly currentTree ├── lodash.padend@4.6.1
62 silly currentTree ├── lodash.padstart@4.6.1
62 silly currentTree ├── lodash.template@4.4.0
62 silly currentTree ├── lodash.templatesettings@4.1.0
62 silly currentTree ├── lodash@4.17.4
62 silly currentTree ├── log-symbols@1.0.2
62 silly currentTree ├── longest@1.0.1
62 silly currentTree ├─┬ make@0.8.1
62 silly currentTree │ ├── gauge@1.2.7
62 silly currentTree │ ├── minimist@1.2.0
62 silly currentTree │ └── npmlog@2.0.4
62 silly currentTree ├─┬ match-stream@0.0.2
62 silly currentTree │ ├── isarray@0.0.1
62 silly currentTree │ ├── readable-stream@1.0.34
62 silly currentTree │ └── string_decoder@0.10.31
62 silly currentTree ├── media-typer@0.3.0
62 silly currentTree ├── merge-descriptors@1.0.1
62 silly currentTree ├── methods@1.1.2
62 silly currentTree ├── mime-db@1.29.0
62 silly currentTree ├── mime-types@2.1.16
62 silly currentTree ├── mime@1.3.4
62 silly currentTree ├── minimatch@3.0.4
62 silly currentTree ├── minimist@0.0.8
62 silly currentTree ├── mkdirp@0.5.1
62 silly currentTree ├── moment@2.18.1
62 silly currentTree ├── mongodb-core@2.1.11
62 silly currentTree ├── mongodb@2.2.27
62 silly currentTree ├── mongoose@4.11.5
62 silly currentTree ├── morgan@1.8.2
62 silly currentTree ├── mpath@0.3.0
62 silly currentTree ├── mpromise@0.5.5
62 silly currentTree ├─┬ mquery@2.3.1
62 silly currentTree │ └── sliced@0.0.5
62 silly currentTree ├── ms@2.0.0
62 silly currentTree ├── muri@1.2.2
62 silly currentTree ├── nan@2.5.0
62 silly currentTree ├── natives@1.1.0
62 silly currentTree ├── negotiator@0.6.1
62 silly currentTree ├─┬ node-pre-gyp@0.6.32
62 silly currentTree │ └── semver@5.3.0
62 silly currentTree ├─┬ nomnom@1.8.1
62 silly currentTree │ ├── ansi-styles@1.0.0
62 silly currentTree │ ├── chalk@0.4.0
62 silly currentTree │ └── strip-ansi@0.1.1
62 silly currentTree ├── nopt@3.0.6
62 silly currentTree ├── npmlog@4.1.2
62 silly currentTree ├── number-is-nan@1.0.1
62 silly currentTree ├── oauth-sign@0.8.2
62 silly currentTree ├── object-assign@4.1.1
62 silly currentTree ├── on-finished@2.3.0
62 silly currentTree ├── on-headers@1.0.1
62 silly currentTree ├── once@1.4.0
62 silly currentTree ├── optimist@0.3.7
62 silly currentTree ├── over@0.0.5
62 silly currentTree ├── parseurl@1.3.1
62 silly currentTree ├── path-is-absolute@1.0.1
62 silly currentTree ├── path-to-regexp@0.1.7
62 silly currentTree ├── performance-now@0.2.0
62 silly currentTree ├── process-nextick-args@1.0.7
62 silly currentTree ├── promise@6.1.0
62 silly currentTree ├── proxy-addr@1.1.5
62 silly currentTree ├─┬ pullstream@0.4.1
62 silly currentTree │ ├── isarray@0.0.1
62 silly currentTree │ ├── readable-stream@1.0.34
62 silly currentTree │ └── string_decoder@0.10.31
62 silly currentTree ├── punycode@1.4.1
62 silly currentTree ├── python@0.0.4
62 silly currentTree ├── qs@6.4.0
62 silly currentTree ├── range-parser@1.2.0
62 silly currentTree ├── raw-body@2.2.0
62 silly currentTree ├─┬ rc@1.1.7
62 silly currentTree │ └── minimist@1.2.0
62 silly currentTree ├── readable-stream@2.2.7
62 silly currentTree ├── regexp-clone@0.0.1
62 silly currentTree ├── repeat-string@1.6.1
62 silly currentTree ├── request@2.81.0
62 silly currentTree ├── require_optional@1.0.1
62 silly currentTree ├── resolve-from@2.0.0
62 silly currentTree ├── right-align@0.1.3
62 silly currentTree ├── rimraf@2.5.4
62 silly currentTree ├── safe-buffer@5.0.1
62 silly currentTree ├── semver@5.4.1
62 silly currentTree ├── send@0.15.4
62 silly currentTree ├── serve-favicon@2.4.3
62 silly currentTree ├── serve-static@1.12.4
62 silly currentTree ├── set-blocking@2.0.0
62 silly currentTree ├── setimmediate@1.0.5
62 silly currentTree ├── setprototypeof@1.0.3
62 silly currentTree ├── signal-exit@3.0.2
62 silly currentTree ├─┬ slice-stream@1.0.0
62 silly currentTree │ ├── isarray@0.0.1
62 silly currentTree │ ├── readable-stream@1.0.34
62 silly currentTree │ └── string_decoder@0.10.31
62 silly currentTree ├── sliced@1.0.1
62 silly currentTree ├── sntp@1.0.9
62 silly currentTree ├── source-map@0.4.4
62 silly currentTree ├─┬ sshpk@1.13.1
62 silly currentTree │ └── assert-plus@1.0.0
62 silly currentTree ├── statuses@1.3.1
62 silly currentTree ├─┬ string_decoder@1.0.3
62 silly currentTree │ └── safe-buffer@5.1.1
62 silly currentTree ├── string-width@1.0.2
62 silly currentTree ├── stringstream@0.0.5
62 silly currentTree ├── strip-ansi@3.0.1
62 silly currentTree ├── strip-json-comments@2.0.1
62 silly currentTree ├── supports-color@2.0.0
62 silly currentTree ├─┬ tar-pack@3.3.0
62 silly currentTree │ ├── debug@2.2.0
62 silly currentTree │ ├── ms@0.7.1
62 silly currentTree │ ├── once@1.3.3
62 silly currentTree │ ├── readable-stream@2.1.5
62 silly currentTree │ └── string_decoder@0.10.31
62 silly currentTree ├── tar@2.2.1
62 silly currentTree ├─┬ template-copy@1.1.2
62 silly currentTree │ └── minimist@1.2.0
62 silly currentTree ├── through2@2.0.3
62 silly currentTree ├── topo@1.1.0
62 silly currentTree ├── tough-cookie@2.3.2
62 silly currentTree ├─┬ transformers@2.1.0
62 silly currentTree │ ├── is-promise@1.0.1
62 silly currentTree │ ├── promise@2.0.0
62 silly currentTree │ ├── source-map@0.1.43
62 silly currentTree │ └── uglify-js@2.2.5
62 silly currentTree ├── traverse@0.3.9
62 silly currentTree ├── tunnel-agent@0.6.0
62 silly currentTree ├── tweetnacl@0.14.5
62 silly currentTree ├── type-is@1.6.15
62 silly currentTree ├─┬ uglify-js@2.8.29
62 silly currentTree │ └── source-map@0.5.6
62 silly currentTree ├── uglify-to-browserify@1.0.2
62 silly currentTree ├── uid-number@0.0.6
62 silly currentTree ├── underscore@1.6.0
62 silly currentTree ├── unpipe@1.0.0
62 silly currentTree ├─┬ unzip@0.1.11
62 silly currentTree │ ├── fstream@0.1.31
62 silly currentTree │ ├── graceful-fs@3.0.11
62 silly currentTree │ ├── isarray@0.0.1
62 silly currentTree │ ├── readable-stream@1.0.34
62 silly currentTree │ └── string_decoder@0.10.31
62 silly currentTree ├── util-deprecate@1.0.2
62 silly currentTree ├── utils-merge@1.0.0
62 silly currentTree ├── uuid@3.1.0
62 silly currentTree ├── vary@1.1.1
62 silly currentTree ├─┬ verror@1.10.0
62 silly currentTree │ └── assert-plus@1.0.0
62 silly currentTree ├── void-elements@2.0.1
62 silly currentTree ├── which@1.3.0
62 silly currentTree ├── wide-align@1.1.2
62 silly currentTree ├── window-size@0.1.0
62 silly currentTree ├─┬ with@4.0.3
62 silly currentTree │ └── acorn@1.2.2
62 silly currentTree ├── wordwrap@0.0.3
62 silly currentTree ├── wrappy@1.0.2
62 silly currentTree ├── xtend@4.0.1
62 silly currentTree └── yargs@3.10.0
63 silly idealTree sampleservernodejs2@0.0.0
63 silly idealTree ├── abbrev@1.1.0
63 silly idealTree ├── accepts@1.3.3
63 silly idealTree ├── acorn-globals@1.0.9
63 silly idealTree ├── acorn@2.7.0
63 silly idealTree ├── ajv@4.11.8
63 silly idealTree ├── align-text@0.1.4
63 silly idealTree ├── amdefine@1.0.1
63 silly idealTree ├── ansi-regex@2.1.1
63 silly idealTree ├── ansi-styles@2.2.1
63 silly idealTree ├── ansi@0.3.1
63 silly idealTree ├── aproba@1.1.2
63 silly idealTree ├── are-we-there-yet@1.1.4
63 silly idealTree ├── array-flatten@1.1.1
63 silly idealTree ├── asap@1.0.0
63 silly idealTree ├── asn1@0.2.3
63 silly idealTree ├── assert-plus@0.2.0
63 silly idealTree ├── async@2.1.4
63 silly idealTree ├── asynckit@0.4.0
63 silly idealTree ├── aws-sign2@0.6.0
63 silly idealTree ├── aws4@1.6.0
63 silly idealTree ├── balanced-match@1.0.0
63 silly idealTree ├── base64url@2.0.0
63 silly idealTree ├── basic-auth@1.1.0
63 silly idealTree ├── bcrypt-pbkdf@1.0.1
63 silly idealTree ├── bcrypt@1.0.2
63 silly idealTree ├── binary@0.3.0
63 silly idealTree ├── bindings@1.2.1
63 silly idealTree ├── block-stream@0.0.9
63 silly idealTree ├── bluebird@2.10.2
63 silly idealTree ├─┬ body-parser@1.17.2
63 silly idealTree │ └── debug@2.6.7
63 silly idealTree ├── boom@2.10.1
63 silly idealTree ├── brace-expansion@1.1.8
63 silly idealTree ├── bson@1.0.4
63 silly idealTree ├── buffer-equal-constant-time@1.0.1
63 silly idealTree ├── buffer-shims@1.0.0
63 silly idealTree ├── buffers@0.1.1
63 silly idealTree ├── bytes@2.4.0
63 silly idealTree ├── camelcase@1.2.1
63 silly idealTree ├── caseless@0.12.0
63 silly idealTree ├── center-align@0.1.3
63 silly idealTree ├── chainsaw@0.1.0
63 silly idealTree ├── chalk@1.1.3
63 silly idealTree ├── character-parser@1.2.1
63 silly idealTree ├─┬ clean-css@3.4.28
63 silly idealTree │ └── commander@2.8.1
63 silly idealTree ├─┬ cliui@2.1.0
63 silly idealTree │ └── wordwrap@0.0.2
63 silly idealTree ├── co@4.6.0
63 silly idealTree ├── code-point-at@1.1.0
63 silly idealTree ├── combined-stream@1.0.5
63 silly idealTree ├── commander@2.6.0
63 silly idealTree ├── concat-map@0.0.1
63 silly idealTree ├── console-control-strings@1.1.0
63 silly idealTree ├── constantinople@3.0.2
63 silly idealTree ├── content-disposition@0.5.2
63 silly idealTree ├── content-type@1.0.2
63 silly idealTree ├── cookie-parser@1.4.3
63 silly idealTree ├── cookie-signature@1.0.6
63 silly idealTree ├── cookie@0.3.1
63 silly idealTree ├── core-util-is@1.0.2
63 silly idealTree ├── cryptiles@2.0.5
63 silly idealTree ├── css-parse@1.0.4
63 silly idealTree ├── css-stringify@1.0.5
63 silly idealTree ├── css@1.0.8
63 silly idealTree ├─┬ dashdash@1.14.1
63 silly idealTree │ └── assert-plus@1.0.0
63 silly idealTree ├── debug@2.6.8
63 silly idealTree ├── decamelize@1.2.0
63 silly idealTree ├── deep-assign@2.0.0
63 silly idealTree ├── deep-extend@0.4.2
63 silly idealTree ├── delayed-stream@1.0.0
63 silly idealTree ├── delegates@1.0.0
63 silly idealTree ├── depd@1.1.1
63 silly idealTree ├── destroy@1.0.4
63 silly idealTree ├── ecc-jsbn@0.1.1
63 silly idealTree ├── ecdsa-sig-formatter@1.0.9
63 silly idealTree ├── ee-first@1.1.1
63 silly idealTree ├── ejs@2.4.2
63 silly idealTree ├── encodeurl@1.0.1
63 silly idealTree ├── es6-promise@3.2.1
63 silly idealTree ├── escape-html@1.0.3
63 silly idealTree ├── escape-string-regexp@1.0.5
63 silly idealTree ├── etag@1.8.0
63 silly idealTree ├─┬ express@4.15.4
63 silly idealTree │ └── qs@6.5.0
63 silly idealTree ├── extend@3.0.1
63 silly idealTree ├── extsprintf@1.3.0
63 silly idealTree ├── finalhandler@1.0.4
63 silly idealTree ├── forever-agent@0.6.1
63 silly idealTree ├── form-data@2.1.4
63 silly idealTree ├── forwarded@0.1.0
63 silly idealTree ├── fresh@0.5.0
63 silly idealTree ├── fs.realpath@1.0.0
63 silly idealTree ├── fstream-ignore@1.0.5
63 silly idealTree ├── fstream@1.0.11
63 silly idealTree ├── gauge@2.7.4
63 silly idealTree ├─┬ getpass@0.1.7
63 silly idealTree │ └── assert-plus@1.0.0
63 silly idealTree ├── glob@7.1.2
63 silly idealTree ├── graceful-fs@4.1.11
63 silly idealTree ├── graceful-readlink@1.0.1
63 silly idealTree ├── har-schema@1.0.5
63 silly idealTree ├── har-validator@4.2.1
63 silly idealTree ├── has-ansi@2.0.0
63 silly idealTree ├── has-color@0.1.7
63 silly idealTree ├── has-unicode@2.0.1
63 silly idealTree ├── hawk@3.1.3
63 silly idealTree ├── hoek@2.16.3
63 silly idealTree ├── hooks-fixed@2.0.0
63 silly idealTree ├── http-errors@1.6.2
63 silly idealTree ├── http-signature@1.1.1
63 silly idealTree ├── iconv-lite@0.4.15
63 silly idealTree ├── inflight@1.0.6
63 silly idealTree ├── inherits@2.0.3
63 silly idealTree ├── ini@1.3.4
63 silly idealTree ├── ipaddr.js@1.4.0
63 silly idealTree ├── is-buffer@1.1.5
63 silly idealTree ├── is-fullwidth-code-point@1.0.0
63 silly idealTree ├── is-obj@1.0.1
63 silly idealTree ├── is-promise@2.1.0
63 silly idealTree ├── is-typedarray@1.0.0
63 silly idealTree ├── isarray@1.0.0
63 silly idealTree ├── isemail@1.2.0
63 silly idealTree ├── isexe@2.0.0
63 silly idealTree ├── isstream@0.1.2
63 silly idealTree ├── jade@1.11.0
63 silly idealTree ├── joi@6.10.1
63 silly idealTree ├── jsbn@0.1.1
63 silly idealTree ├── json-schema@0.2.3
63 silly idealTree ├── json-stable-stringify@1.0.1
63 silly idealTree ├── json-stringify-safe@5.0.1
63 silly idealTree ├── jsonify@0.0.0
63 silly idealTree ├── jsonlint@1.6.2
63 silly idealTree ├── jsonwebtoken@7.4.2
63 silly idealTree ├─┬ jsprim@1.4.1
63 silly idealTree │ └── assert-plus@1.0.0
63 silly idealTree ├── jstransformer@0.0.2
63 silly idealTree ├── JSV@4.0.2
63 silly idealTree ├── jwa@1.1.5
63 silly idealTree ├── jws@3.1.4
63 silly idealTree ├── kareem@1.5.0
63 silly idealTree ├── kind-of@3.2.2
63 silly idealTree ├── lazy-cache@1.0.4
63 silly idealTree ├── lodash._reinterpolate@3.0.0
63 silly idealTree ├── lodash.once@4.1.1
63 silly idealTree ├── lodash.pad@4.5.1
63 silly idealTree ├── lodash.padend@4.6.1
63 silly idealTree ├── lodash.padstart@4.6.1
63 silly idealTree ├── lodash.template@4.4.0
63 silly idealTree ├── lodash.templatesettings@4.1.0
63 silly idealTree ├── lodash@4.17.4
63 silly idealTree ├── log-symbols@1.0.2
63 silly idealTree ├── longest@1.0.1
63 silly idealTree ├─┬ make@0.8.1
63 silly idealTree │ ├── gauge@1.2.7
63 silly idealTree │ ├── minimist@1.2.0
63 silly idealTree │ └── npmlog@2.0.4
63 silly idealTree ├─┬ match-stream@0.0.2
63 silly idealTree │ ├── isarray@0.0.1
63 silly idealTree │ ├── readable-stream@1.0.34
63 silly idealTree │ └── string_decoder@0.10.31
63 silly idealTree ├── media-typer@0.3.0
63 silly idealTree ├── merge-descriptors@1.0.1
63 silly idealTree ├── methods@1.1.2
63 silly idealTree ├── mime-db@1.29.0
63 silly idealTree ├── mime-types@2.1.16
63 silly idealTree ├── mime@1.3.4
63 silly idealTree ├── minimatch@3.0.4
63 silly idealTree ├── minimist@0.0.8
63 silly idealTree ├── mkdirp@0.5.1
63 silly idealTree ├── moment@2.18.1
63 silly idealTree ├── mongodb-core@2.1.11
63 silly idealTree ├── mongodb@2.2.27
63 silly idealTree ├── mongoose@4.11.5
63 silly idealTree ├── morgan@1.8.2
63 silly idealTree ├── mpath@0.3.0
63 silly idealTree ├── mpromise@0.5.5
63 silly idealTree ├─┬ mquery@2.3.1
63 silly idealTree │ └── sliced@0.0.5
63 silly idealTree ├── ms@2.0.0
63 silly idealTree ├── muri@1.2.2
63 silly idealTree ├── nan@2.5.0
63 silly idealTree ├── natives@1.1.0
63 silly idealTree ├── negotiator@0.6.1
63 silly idealTree ├─┬ node-pre-gyp@0.6.32
63 silly idealTree │ └── semver@5.3.0
63 silly idealTree ├─┬ nomnom@1.8.1
63 silly idealTree │ ├── ansi-styles@1.0.0
63 silly idealTree │ ├── chalk@0.4.0
63 silly idealTree │ └── strip-ansi@0.1.1
63 silly idealTree ├── nopt@3.0.6
63 silly idealTree ├── npmlog@4.1.2
63 silly idealTree ├── number-is-nan@1.0.1
63 silly idealTree ├── oauth-sign@0.8.2
63 silly idealTree ├── object-assign@4.1.1
63 silly idealTree ├── on-finished@2.3.0
63 silly idealTree ├── on-headers@1.0.1
63 silly idealTree ├── once@1.4.0
63 silly idealTree ├── optimist@0.3.7
63 silly idealTree ├── over@0.0.5
63 silly idealTree ├── parseurl@1.3.1
63 silly idealTree ├── path-is-absolute@1.0.1
63 silly idealTree ├── path-to-regexp@0.1.7
63 silly idealTree ├── performance-now@0.2.0
63 silly idealTree ├── process-nextick-args@1.0.7
63 silly idealTree ├── promise@6.1.0
63 silly idealTree ├── proxy-addr@1.1.5
63 silly idealTree ├─┬ pullstream@0.4.1
63 silly idealTree │ ├── isarray@0.0.1
63 silly idealTree │ ├── readable-stream@1.0.34
63 silly idealTree │ └── string_decoder@0.10.31
63 silly idealTree ├── punycode@1.4.1
63 silly idealTree ├── python@0.0.4
63 silly idealTree ├── qs@6.4.0
63 silly idealTree ├── range-parser@1.2.0
63 silly idealTree ├── raw-body@2.2.0
63 silly idealTree ├─┬ rc@1.1.7
63 silly idealTree │ └── minimist@1.2.0
63 silly idealTree ├── readable-stream@2.2.7
63 silly idealTree ├── regexp-clone@0.0.1
63 silly idealTree ├── repeat-string@1.6.1
63 silly idealTree ├── request@2.81.0
63 silly idealTree ├── require_optional@1.0.1
63 silly idealTree ├── resolve-from@2.0.0
63 silly idealTree ├── right-align@0.1.3
63 silly idealTree ├── rimraf@2.5.4
63 silly idealTree ├── safe-buffer@5.0.1
63 silly idealTree ├── semver@5.4.1
63 silly idealTree ├── send@0.15.4
63 silly idealTree ├── serve-favicon@2.4.3
63 silly idealTree ├── serve-static@1.12.4
63 silly idealTree ├── set-blocking@2.0.0
63 silly idealTree ├── setimmediate@1.0.5
63 silly idealTree ├── setprototypeof@1.0.3
63 silly idealTree ├── signal-exit@3.0.2
63 silly idealTree ├─┬ slice-stream@1.0.0
63 silly idealTree │ ├── isarray@0.0.1
63 silly idealTree │ ├── readable-stream@1.0.34
63 silly idealTree │ └── string_decoder@0.10.31
63 silly idealTree ├── sliced@1.0.1
63 silly idealTree ├── sntp@1.0.9
63 silly idealTree ├── source-map@0.4.4
63 silly idealTree ├─┬ sshpk@1.13.1
63 silly idealTree │ └── assert-plus@1.0.0
63 silly idealTree ├── statuses@1.3.1
63 silly idealTree ├─┬ string_decoder@1.0.3
63 silly idealTree │ └── safe-buffer@5.1.1
63 silly idealTree ├── string-width@1.0.2
63 silly idealTree ├── stringstream@0.0.5
63 silly idealTree ├── strip-ansi@3.0.1
63 silly idealTree ├── strip-json-comments@2.0.1
63 silly idealTree ├── supports-color@2.0.0
63 silly idealTree ├─┬ tar-pack@3.3.0
63 silly idealTree │ ├── debug@2.2.0
63 silly idealTree │ ├── ms@0.7.1
63 silly idealTree │ ├── once@1.3.3
63 silly idealTree │ ├── readable-stream@2.1.5
63 silly idealTree │ └── string_decoder@0.10.31
63 silly idealTree ├── tar@2.2.1
63 silly idealTree ├─┬ template-copy@1.1.2
63 silly idealTree │ └── minimist@1.2.0
63 silly idealTree ├── through2@2.0.3
63 silly idealTree ├── topo@1.1.0
63 silly idealTree ├── tough-cookie@2.3.2
63 silly idealTree ├─┬ transformers@2.1.0
63 silly idealTree │ ├── is-promise@1.0.1
63 silly idealTree │ ├── promise@2.0.0
63 silly idealTree │ ├── source-map@0.1.43
63 silly idealTree │ └── uglify-js@2.2.5
63 silly idealTree ├── traverse@0.3.9
63 silly idealTree ├── tunnel-agent@0.6.0
63 silly idealTree ├── tweetnacl@0.14.5
63 silly idealTree ├── type-is@1.6.15
63 silly idealTree ├─┬ uglify-js@2.8.29
63 silly idealTree │ └── source-map@0.5.6
63 silly idealTree ├── uglify-to-browserify@1.0.2
63 silly idealTree ├── uid-number@0.0.6
63 silly idealTree ├── underscore@1.6.0
63 silly idealTree ├── unpipe@1.0.0
63 silly idealTree ├─┬ unzip@0.1.11
63 silly idealTree │ ├── fstream@0.1.31
63 silly idealTree │ ├── graceful-fs@3.0.11
63 silly idealTree │ ├── isarray@0.0.1
63 silly idealTree │ ├── readable-stream@1.0.34
63 silly idealTree │ └── string_decoder@0.10.31
63 silly idealTree ├── util-deprecate@1.0.2
63 silly idealTree ├── utils-merge@1.0.0
63 silly idealTree ├── uuid@3.1.0
63 silly idealTree ├── vary@1.1.1
63 silly idealTree ├─┬ verror@1.10.0
63 silly idealTree │ └── assert-plus@1.0.0
63 silly idealTree ├── void-elements@2.0.1
63 silly idealTree ├── which@1.3.0
63 silly idealTree ├── wide-align@1.1.2
63 silly idealTree ├── window-size@0.1.0
63 silly idealTree ├─┬ with@4.0.3
63 silly idealTree │ └── acorn@1.2.2
63 silly idealTree ├── wordwrap@0.0.3
63 silly idealTree ├── wrappy@1.0.2
63 silly idealTree ├── xtend@4.0.1
63 silly idealTree └── yargs@3.10.0
64 silly generateActionsToTake Starting
65 silly install generateActionsToTake
66 silly generateActionsToTake Finishing
67 silly diffTrees action count 1
68 silly diffTrees add bcrypt@1.0.2
69 silly decomposeActions action count 8
70 silly decomposeActions fetch bcrypt@1.0.2
71 silly decomposeActions extract bcrypt@1.0.2
72 silly decomposeActions test bcrypt@1.0.2
73 silly decomposeActions preinstall bcrypt@1.0.2
74 silly decomposeActions build bcrypt@1.0.2
75 silly decomposeActions install bcrypt@1.0.2
76 silly decomposeActions postinstall bcrypt@1.0.2
77 silly decomposeActions finalize bcrypt@1.0.2
78 silly runTopLevelLifecycles Starting
79 silly executeActions Starting
80 silly install executeActions
81 silly doSerial global-install 0
82 silly doParallel fetch 1
83 verbose correctMkdir /Users/kimsiyoung/.npm/_locks correctMkdir not in flight; initializing
84 verbose lock using /Users/kimsiyoung/.npm/_locks/staging-18697fed29b43680.lock for /Users/kimsiyoung/WebstormProjects/SampleServerNodeJS2/node_modules/.staging
85 silly doParallel extract 1
86 silly extract bcrypt@1.0.2
87 verbose unbuild node_modules/.staging/bcrypt-dac50725
88 silly gentlyRm /Users/kimsiyoung/WebstormProjects/SampleServerNodeJS2/node_modules/.staging/bcrypt-dac50725 is being purged from base /Users/kimsiyoung/WebstormProjects/SampleServerNodeJS2
89 verbose gentlyRm don't care about contents; nuking /Users/kimsiyoung/WebstormProjects/SampleServerNodeJS2/node_modules/.staging/bcrypt-dac50725
90 verbose tar unpack /Users/kimsiyoung/.npm/bcrypt/1.0.2/package.tgz
91 verbose tar unpacking to /Users/kimsiyoung/WebstormProjects/SampleServerNodeJS2/node_modules/.staging/bcrypt-dac50725
92 silly gentlyRm /Users/kimsiyoung/WebstormProjects/SampleServerNodeJS2/node_modules/.staging/bcrypt-dac50725 is being purged
93 verbose gentlyRm don't care about contents; nuking /Users/kimsiyoung/WebstormProjects/SampleServerNodeJS2/node_modules/.staging/bcrypt-dac50725
94 silly gunzTarPerm modes [ '755', '644' ]
95 silly gunzTarPerm extractEntry package.json
96 silly gunzTarPerm extractEntry .npmignore
97 silly gunzTarPerm extractEntry README.md
98 silly gunzTarPerm extractEntry LICENSE
99 silly gunzTarPerm extractEntry bcrypt.js
100 silly gunzTarPerm extractEntry Makefile
101 silly gunzTarPerm extractEntry .travis.yml
102 silly gunzTarPerm extractEntry appveyor.yml
103 silly gunzTarPerm extractEntry CHANGELOG.md
104 silly gunzTarPerm extractEntry binding.gyp
105 silly gunzTarPerm extractEntry examples/async_compare.js
106 silly gunzTarPerm extractEntry examples/forever_gen_salt.js
107 silly gunzTarPerm extractEntry lib/promises.js
108 silly gunzTarPerm extractEntry test/async.js
109 silly gunzTarPerm extractEntry test/promise.js
110 silly gunzTarPerm extractEntry test/repetitions.js
111 silly gunzTarPerm extractEntry test/sync.js
112 silly gunzTarPerm extractEntry ISSUE_TEMPLATE.md
113 silly gunzTarPerm extractEntry src/bcrypt.cc
114 silly gunzTarPerm extractEntry src/bcrypt_node.cc
115 silly gunzTarPerm extractEntry src/blowfish.cc
116 silly gunzTarPerm extractEntry src/node_blf.h
117 silly gunzTarPerm extractEntry werker.yml
118 silly gentlyRm /Users/kimsiyoung/WebstormProjects/SampleServerNodeJS2/node_modules/.staging/bcrypt-dac50725/node_modules is being purged
119 verbose gentlyRm don't care about contents; nuking /Users/kimsiyoung/WebstormProjects/SampleServerNodeJS2/node_modules/.staging/bcrypt-dac50725/node_modules
120 silly doParallel preinstall 1
121 silly preinstall bcrypt@1.0.2 /Users/kimsiyoung/WebstormProjects/SampleServerNodeJS2/node_modules/.staging/bcrypt-dac50725
122 info lifecycle bcrypt@1.0.2~preinstall: bcrypt@1.0.2
123 silly lifecycle bcrypt@1.0.2~preinstall: no script for preinstall, continuing
124 silly doReverseSerial remove 0
125 silly doSerial move 0
126 silly doSerial finalize 1
127 silly finalize /Users/kimsiyoung/WebstormProjects/SampleServerNodeJS2/node_modules/bcrypt
128 silly doSerial build 1
129 silly build bcrypt@1.0.2
130 info linkStuff bcrypt@1.0.2
131 silly linkStuff bcrypt@1.0.2 has /Users/kimsiyoung/WebstormProjects/SampleServerNodeJS2/node_modules as its parent node_modules
132 verbose linkBins bcrypt@1.0.2
133 verbose linkMans bcrypt@1.0.2
134 silly doSerial global-link 0
135 silly doParallel update-linked 0
136 silly doSerial install 1
137 silly install bcrypt@1.0.2 /Users/kimsiyoung/WebstormProjects/SampleServerNodeJS2/node_modules/.staging/bcrypt-dac50725
138 info lifecycle bcrypt@1.0.2~install: bcrypt@1.0.2
139 verbose lifecycle bcrypt@1.0.2~install: unsafe-perm in lifecycle false
140 verbose lifecycle bcrypt@1.0.2~install: PATH: /usr/local/lib/node_modules/npm/bin/node-gyp-bin:/Users/kimsiyoung/WebstormProjects/SampleServerNodeJS2/node_modules/bcrypt/node_modules/.bin:/Users/kimsiyoung/WebstormProjects/SampleServerNodeJS2/node_modules/.bin:/usr/local/bin:/usr/bin:/bin:/usr/sbin:/sbin
141 verbose lifecycle bcrypt@1.0.2~install: CWD: /Users/kimsiyoung/WebstormProjects/SampleServerNodeJS2/node_modules/bcrypt
142 silly lifecycle bcrypt@1.0.2~install: Args: [ '-c', 'node-pre-gyp install --fallback-to-build' ]
143 silly lifecycle bcrypt@1.0.2~install: Returned: code: 126  signal: null
144 info lifecycle bcrypt@1.0.2~install: Failed to exec install script
145 verbose unlock done using /Users/kimsiyoung/.npm/_locks/staging-18697fed29b43680.lock for /Users/kimsiyoung/WebstormProjects/SampleServerNodeJS2/node_modules/.staging
146 silly rollbackFailedOptional Starting
147 silly rollbackFailedOptional Finishing
148 silly runTopLevelLifecycles Finishing
149 silly install printInstalled
150 verbose stack Error: bcrypt@1.0.2 install: `node-pre-gyp install --fallback-to-build`
150 verbose stack Exit status 126
150 verbose stack     at EventEmitter.<anonymous> (/usr/local/lib/node_modules/npm/lib/utils/lifecycle.js:255:16)
150 verbose stack     at emitTwo (events.js:106:13)
150 verbose stack     at EventEmitter.emit (events.js:191:7)
150 verbose stack     at ChildProcess.<anonymous> (/usr/local/lib/node_modules/npm/lib/utils/spawn.js:40:14)
150 verbose stack     at emitTwo (events.js:106:13)
150 verbose stack     at ChildProcess.emit (events.js:191:7)
150 verbose stack     at maybeClose (internal/child_process.js:891:16)
150 verbose stack     at Process.ChildProcess._handle.onexit (internal/child_process.js:226:5)
151 verbose pkgid bcrypt@1.0.2
152 verbose cwd /Users/kimsiyoung/WebstormProjects/SampleServerNodeJS2
153 error Darwin 15.6.0
154 error argv "/usr/local/bin/node" "/usr/local/bin/npm" "install" "bcrypt"
155 error node v6.11.2
156 error npm  v3.10.10
157 error code ELIFECYCLE
158 error bcrypt@1.0.2 install: `node-pre-gyp install --fallback-to-build`
158 error Exit status 126
159 error Failed at the bcrypt@1.0.2 install script 'node-pre-gyp install --fallback-to-build'.
159 error Make sure you have the latest version of node.js and npm installed.
159 error If you do, this is most likely a problem with the bcrypt package,
159 error not with npm itself.
159 error Tell the author that this fails on your system:
159 error     node-pre-gyp install --fallback-to-build
159 error You can get information on how to open an issue for this project with:
159 error     npm bugs bcrypt
159 error Or if that isn't available, you can get their info via:
159 error     npm owner ls bcrypt
159 error There is likely additional logging output above.
160 verbose exit [ 1, true ]
